{
  "stats": {
    "suites": 1,
    "tests": 17,
    "passes": 17,
    "pending": 0,
    "failures": 0,
    "start": "2024-12-06T06:46:11.880Z",
    "end": "2024-12-06T06:46:52.985Z",
    "duration": 41105,
    "testsRegistered": 17,
    "passPercent": 100,
    "pendingPercent": 0,
    "other": 0,
    "hasOther": false,
    "skipped": 0,
    "hasSkipped": false
  },
  "results": [
    {
      "uuid": "6d685b5a-7d75-4167-9a1c-e9bf3322af45",
      "title": "",
      "fullFile": "cypress\\e2e\\api.cy.js",
      "file": "cypress\\e2e\\api.cy.js",
      "beforeHooks": [],
      "afterHooks": [],
      "tests": [],
      "suites": [
        {
          "uuid": "e675c46a-d201-4679-ac83-a242d47d2a35",
          "title": "API GET and POST Request Status Code Verification",
          "fullFile": "",
          "file": "",
          "beforeHooks": [],
          "afterHooks": [],
          "tests": [
            {
              "title": "Quality Policy Page",
              "fullTitle": "API GET and POST Request Status Code Verification Quality Policy Page",
              "timedOut": null,
              "duration": 5706,
              "state": "passed",
              "speed": "medium",
              "pass": true,
              "fail": false,
              "pending": false,
              "context": null,
              "code": "cy.request(\"GET\", \"https://www.rmkec.ac.in/2023/about-us-3/quality-policy/\").then(response => {\n  expect(response.status).to.eq(200);\n});",
              "err": {},
              "uuid": "270f9523-75a1-4622-90aa-1f38e91ae3e3",
              "parentUUID": "e675c46a-d201-4679-ac83-a242d47d2a35",
              "isHook": false,
              "skipped": false
            },
            {
              "title": "Vision and Mission Page",
              "fullTitle": "API GET and POST Request Status Code Verification Vision and Mission Page",
              "timedOut": null,
              "duration": 1896,
              "state": "passed",
              "speed": "fast",
              "pass": true,
              "fail": false,
              "pending": false,
              "context": null,
              "code": "cy.request(\"GET\", \"https://www.rmkec.ac.in/2023/about-us-3/vision-mission/\").then(response => {\n  expect(response.status).to.eq(200);\n});",
              "err": {},
              "uuid": "b0129a7c-3ee6-4b4c-8c2e-1a24c652667b",
              "parentUUID": "e675c46a-d201-4679-ac83-a242d47d2a35",
              "isHook": false,
              "skipped": false
            },
            {
              "title": "Management Team Page",
              "fullTitle": "API GET and POST Request Status Code Verification Management Team Page",
              "timedOut": null,
              "duration": 1754,
              "state": "passed",
              "speed": "fast",
              "pass": true,
              "fail": false,
              "pending": false,
              "context": null,
              "code": "cy.request(\"GET\", \"https://www.rmkec.ac.in/2023/about-us-3/management-team/\").then(response => {\n  expect(response.status).to.eq(200);\n});",
              "err": {},
              "uuid": "bf65d590-f265-4812-bac0-4176660a5935",
              "parentUUID": "e675c46a-d201-4679-ac83-a242d47d2a35",
              "isHook": false,
              "skipped": false
            },
            {
              "title": "About Us Page (2)",
              "fullTitle": "API GET and POST Request Status Code Verification About Us Page (2)",
              "timedOut": null,
              "duration": 1682,
              "state": "passed",
              "speed": "fast",
              "pass": true,
              "fail": false,
              "pending": false,
              "context": null,
              "code": "cy.request(\"GET\", \"https://www.rmkec.ac.in/2023/about-us-3/about-us-2/\").then(response => {\n  expect(response.status).to.eq(200);\n});",
              "err": {},
              "uuid": "aff1c5b9-26af-4cf1-99e7-61cda9f09236",
              "parentUUID": "e675c46a-d201-4679-ac83-a242d47d2a35",
              "isHook": false,
              "skipped": false
            },
            {
              "title": "About Us Page",
              "fullTitle": "API GET and POST Request Status Code Verification About Us Page",
              "timedOut": null,
              "duration": 1770,
              "state": "passed",
              "speed": "fast",
              "pass": true,
              "fail": false,
              "pending": false,
              "context": null,
              "code": "cy.request(\"GET\", \"https://www.rmkec.ac.in/2023/about-us-3/about-us/\").then(response => {\n  expect(response.status).to.eq(200);\n});",
              "err": {},
              "uuid": "4ea1fdf8-4f90-4463-8e59-465dc96406c1",
              "parentUUID": "e675c46a-d201-4679-ac83-a242d47d2a35",
              "isHook": false,
              "skipped": false
            },
            {
              "title": "Home Page",
              "fullTitle": "API GET and POST Request Status Code Verification Home Page",
              "timedOut": null,
              "duration": 2278,
              "state": "passed",
              "speed": "fast",
              "pass": true,
              "fail": false,
              "pending": false,
              "context": null,
              "code": "cy.request(\"GET\", \"https://www.rmkec.ac.in/2023/\").then(response => {\n  expect(response.status).to.eq(200);\n});",
              "err": {},
              "uuid": "69a03dd1-f9c0-4ce5-8096-62594082d48a",
              "parentUUID": "e675c46a-d201-4679-ac83-a242d47d2a35",
              "isHook": false,
              "skipped": false
            },
            {
              "title": "Grievance Page",
              "fullTitle": "API GET and POST Request Status Code Verification Grievance Page",
              "timedOut": null,
              "duration": 4328,
              "state": "passed",
              "speed": "fast",
              "pass": true,
              "fail": false,
              "pending": false,
              "context": null,
              "code": "cy.request(\"GET\", \"https://rmkec.ac.in/guru/grievancenew.php\").then(response => {\n  expect(response.status).to.eq(200);\n});",
              "err": {},
              "uuid": "835ad579-1094-4deb-a9b8-448a1546d312",
              "parentUUID": "e675c46a-d201-4679-ac83-a242d47d2a35",
              "isHook": false,
              "skipped": false
            },
            {
              "title": "Grievances Contact Us Page",
              "fullTitle": "API GET and POST Request Status Code Verification Grievances Contact Us Page",
              "timedOut": null,
              "duration": 2320,
              "state": "passed",
              "speed": "fast",
              "pass": true,
              "fail": false,
              "pending": false,
              "context": null,
              "code": "cy.request(\"GET\", \"https://www.rmkec.ac.in/2023/contact-us/grievances/\").then(response => {\n  expect(response.status).to.eq(200);\n});",
              "err": {},
              "uuid": "2d8a67a2-af4b-47d0-b8e9-d6db103e2753",
              "parentUUID": "e675c46a-d201-4679-ac83-a242d47d2a35",
              "isHook": false,
              "skipped": false
            },
            {
              "title": "Contact Us Page",
              "fullTitle": "API GET and POST Request Status Code Verification Contact Us Page",
              "timedOut": null,
              "duration": 2160,
              "state": "passed",
              "speed": "fast",
              "pass": true,
              "fail": false,
              "pending": false,
              "context": null,
              "code": "cy.request(\"GET\", \"https://www.rmkec.ac.in/2023/contact-us/\").then(response => {\n  expect(response.status).to.eq(200);\n});",
              "err": {},
              "uuid": "d97a9b2b-dd39-473a-9059-f77d017a9e03",
              "parentUUID": "e675c46a-d201-4679-ac83-a242d47d2a35",
              "isHook": false,
              "skipped": false
            },
            {
              "title": "Academics Page",
              "fullTitle": "API GET and POST Request Status Code Verification Academics Page",
              "timedOut": null,
              "duration": 1759,
              "state": "passed",
              "speed": "fast",
              "pass": true,
              "fail": false,
              "pending": false,
              "context": null,
              "code": "cy.request(\"GET\", \"https://www.rmkec.ac.in/2023/academics/\").then(response => {\n  expect(response.status).to.eq(200);\n});",
              "err": {},
              "uuid": "f2d51b4e-538c-4aa0-afcd-6c40de3d1dcb",
              "parentUUID": "e675c46a-d201-4679-ac83-a242d47d2a35",
              "isHook": false,
              "skipped": false
            },
            {
              "title": "Administration Page",
              "fullTitle": "API GET and POST Request Status Code Verification Administration Page",
              "timedOut": null,
              "duration": 2437,
              "state": "passed",
              "speed": "fast",
              "pass": true,
              "fail": false,
              "pending": false,
              "context": null,
              "code": "cy.request(\"GET\", \"https://www.rmkec.ac.in/2023/administration/\").then(response => {\n  expect(response.status).to.eq(200);\n});",
              "err": {},
              "uuid": "544a9861-8df8-4f8b-9f3f-9ae4c792d9be",
              "parentUUID": "e675c46a-d201-4679-ac83-a242d47d2a35",
              "isHook": false,
              "skipped": false
            },
            {
              "title": "NRJS Browser Session Chunk POST",
              "fullTitle": "API GET and POST Request Status Code Verification NRJS Browser Session Chunk POST",
              "timedOut": null,
              "duration": 3503,
              "state": "passed",
              "speed": "fast",
              "pass": true,
              "fail": false,
              "pending": false,
              "context": null,
              "code": "cy.request(\"POST\", \"https://bam.nr-data.net/browser/blobs?browser_monitoring_key=NRJS-cbd5985082676cdfdf5&type=BrowserSessionChunk&app_id=1588968723&protocol_version=0&ti\").then(response => {\n  expect(response.status).to.eq(200);\n});",
              "err": {},
              "uuid": "a205260d-1d90-406a-871f-3c6476669ee6",
              "parentUUID": "e675c46a-d201-4679-ac83-a242d47d2a35",
              "isHook": false,
              "skipped": false
            },
            {
              "title": "NRJS JS Errors POST",
              "fullTitle": "API GET and POST Request Status Code Verification NRJS JS Errors POST",
              "timedOut": null,
              "duration": 371,
              "state": "passed",
              "speed": "fast",
              "pass": true,
              "fail": false,
              "pending": false,
              "context": null,
              "code": "cy.request(\"POST\", \"https://bam.nr-data.net/jserrors/1/NRJS-cbd5985082676cdfdf5?a=1588968723&sa=1&v=1.261.2&t=Unnamed%20Transaction&rst=21660&ck=0&s=dc8e7adce4b9ecfb&ref=\").then(response => {\n  expect(response.status).to.eq(200);\n});",
              "err": {},
              "uuid": "11e11aac-46f6-4f92-af82-a69c4f2a0f4b",
              "parentUUID": "e675c46a-d201-4679-ac83-a242d47d2a35",
              "isHook": false,
              "skipped": false
            },
            {
              "title": "Edwisely User Details GET",
              "fullTitle": "API GET and POST Request Status Code Verification Edwisely User Details GET",
              "timedOut": null,
              "duration": 3587,
              "state": "passed",
              "speed": "fast",
              "pass": true,
              "fail": false,
              "pending": false,
              "context": null,
              "code": "cy.request(\"GET\", \"https://dbchangesstudent.edwisely.com/auth/v2/getUserPasswordDetails?roll_number=1234567890\").then(response => {\n  expect(response.status).to.eq(200);\n});",
              "err": {},
              "uuid": "5e920dff-9959-4a3f-ab23-741222e0309b",
              "parentUUID": "e675c46a-d201-4679-ac83-a242d47d2a35",
              "isHook": false,
              "skipped": false
            },
            {
              "title": "NextGen Faculty Page",
              "fullTitle": "API GET and POST Request Status Code Verification NextGen Faculty Page",
              "timedOut": null,
              "duration": 3331,
              "state": "passed",
              "speed": "fast",
              "pass": true,
              "fail": false,
              "pending": false,
              "context": null,
              "code": "cy.request(\"GET\", \"https://nextgenfaculty.rmkec.ac.in/login.html\").then(response => {\n  expect(response.status).to.eq(200);\n});",
              "err": {},
              "uuid": "3ebc3936-ad6c-4a64-90a2-e75c3ff078ff",
              "parentUUID": "e675c46a-d201-4679-ac83-a242d47d2a35",
              "isHook": false,
              "skipped": false
            },
            {
              "title": "CP Tracker Log GET",
              "fullTitle": "API GET and POST Request Status Code Verification CP Tracker Log GET",
              "timedOut": null,
              "duration": 486,
              "state": "passed",
              "speed": "fast",
              "pass": true,
              "fail": false,
              "pending": false,
              "context": null,
              "code": "cy.request(\"GET\", \"http://cptracker.rmkec.ac.in:8080/CPTracker/cptlog.jsp\").then(response => {\n  expect(response.status).to.eq(200);\n});",
              "err": {},
              "uuid": "0a74b1a5-af86-41f9-bf32-3e594109c2c3",
              "parentUUID": "e675c46a-d201-4679-ac83-a242d47d2a35",
              "isHook": false,
              "skipped": false
            },
            {
              "title": "CP Tracker Process Controller POST",
              "fullTitle": "API GET and POST Request Status Code Verification CP Tracker Process Controller POST",
              "timedOut": null,
              "duration": 117,
              "state": "passed",
              "speed": "fast",
              "pass": true,
              "fail": false,
              "pending": false,
              "context": null,
              "code": "cy.request(\"POST\", \"http://cptracker.rmkec.ac.in:8080/CPTracker/ProcessController\").then(response => {\n  expect(response.status).to.eq(200);\n});",
              "err": {},
              "uuid": "7ff962a4-5edd-4722-a8bb-273ae616220c",
              "parentUUID": "e675c46a-d201-4679-ac83-a242d47d2a35",
              "isHook": false,
              "skipped": false
            }
          ],
          "suites": [],
          "passes": [
            "270f9523-75a1-4622-90aa-1f38e91ae3e3",
            "b0129a7c-3ee6-4b4c-8c2e-1a24c652667b",
            "bf65d590-f265-4812-bac0-4176660a5935",
            "aff1c5b9-26af-4cf1-99e7-61cda9f09236",
            "4ea1fdf8-4f90-4463-8e59-465dc96406c1",
            "69a03dd1-f9c0-4ce5-8096-62594082d48a",
            "835ad579-1094-4deb-a9b8-448a1546d312",
            "2d8a67a2-af4b-47d0-b8e9-d6db103e2753",
            "d97a9b2b-dd39-473a-9059-f77d017a9e03",
            "f2d51b4e-538c-4aa0-afcd-6c40de3d1dcb",
            "544a9861-8df8-4f8b-9f3f-9ae4c792d9be",
            "a205260d-1d90-406a-871f-3c6476669ee6",
            "11e11aac-46f6-4f92-af82-a69c4f2a0f4b",
            "5e920dff-9959-4a3f-ab23-741222e0309b",
            "3ebc3936-ad6c-4a64-90a2-e75c3ff078ff",
            "0a74b1a5-af86-41f9-bf32-3e594109c2c3",
            "7ff962a4-5edd-4722-a8bb-273ae616220c"
          ],
          "failures": [],
          "pending": [],
          "skipped": [],
          "duration": 39485,
          "root": false,
          "rootEmpty": false,
          "_timeout": 2000
        }
      ],
      "passes": [],
      "failures": [],
      "pending": [],
      "skipped": [],
      "duration": 0,
      "root": true,
      "rootEmpty": true,
      "_timeout": 2000
    }
  ],
  "meta": {
    "mocha": {
      "version": "7.0.1"
    },
    "mochawesome": {
      "options": {
        "quiet": false,
        "reportFilename": "mochawesome",
        "saveHtml": false,
        "saveJson": true,
        "consoleReporter": "spec",
        "useInlineDiffs": false,
        "code": true
      },
      "version": "7.1.3"
    },
    "marge": {
      "options": {
        "overwrite": false,
        "html": false,
        "json": true,
        "reportDir": "cypress\\reports\\html\\.jsons"
      },
      "version": "6.2.0"
    }
  }
}