{
  "stats": {
    "suites": 1,
    "tests": 1,
    "passes": 0,
    "pending": 0,
    "failures": 1,
    "start": "2024-12-06T06:59:55.728Z",
    "end": "2024-12-06T07:00:49.553Z",
    "duration": 53825,
    "testsRegistered": 1,
    "passPercent": 0,
    "pendingPercent": 0,
    "other": 0,
    "hasOther": false,
    "skipped": 0,
    "hasSkipped": false
  },
  "results": [
    {
      "uuid": "464e27be-1b35-4584-b120-c602ed92d0a1",
      "title": "",
      "fullFile": "cypress\\e2e\\pom.cy.js",
      "file": "cypress\\e2e\\pom.cy.js",
      "beforeHooks": [],
      "afterHooks": [],
      "tests": [],
      "suites": [
        {
          "uuid": "8ac5c896-8539-4724-8a14-99e4edbed047",
          "title": "Test with dynamic slide interaction and grievance form handling",
          "fullFile": "",
          "file": "",
          "beforeHooks": [],
          "afterHooks": [],
          "tests": [
            {
              "title": "should perform interactions and submit grievance form",
              "fullTitle": "Test with dynamic slide interaction and grievance form handling should perform interactions and submit grievance form",
              "timedOut": null,
              "duration": 47383,
              "state": "failed",
              "speed": null,
              "pass": false,
              "fail": true,
              "pending": false,
              "context": null,
              "code": "cy.visit('https://www.rmkec.ac.in/2023/');\ncy.wait(4000);\n// Close any modal or overlay if present\nhomePage.closeModal();\n// Interact with slides 1 to 20\nfor (let i = 1; i <= 20; i++) {\n  homePage.interactWithSlide(i); // Interact with each slide\n}\n// Verify the scrolling text\nconst expectedText = `\n  Dear Sir/Madam As per our District Collector’s announcement and our Management instructions, \n  tomorrow (30.11.2024, Saturday) is declared as a holiday due to rain. \n  End Semester Arrear Examination scheduled on 30.11.2024 is postponed and the revised date will be announced later. \n  Thanks and regards \n  Junaid\n`.trim();\nhomePage.verifyScrollingText(expectedText);\n// Quick Links interactions\nhomePage.interactWithQuickLinks();\n// About Carousel Interaction\nhomePage.interactWithCarousel('#aboutCarousel .carousel-control-prev-icon');\n// Research Carousel Interaction\nhomePage.interactWithCarousel('#aboutCarousel .carousel-control-prev-icon');\n// Navigation through Menu Links\nhomePage.navigateToGrievances();\n// Grievance Form Interaction inside iframe using GrievanceForm class\nconst details = {\n  name: 'Gaurav',\n  type: 'Student',\n  registerNumber: '1234567890',\n  department: 'Computer Science',\n  batch: '12',\n  email: 'gaurav@gmail.com',\n  mobileNumber: '1234567890',\n  grievance: 'test test test',\n  aadharNumber: '123456789012'\n};\ngrievanceForm.fillGrievanceForm(details);\ngrievanceForm.submitForm();\n// Verify redirection to homepage\ngrievanceForm.verifyRedirectionToHomePage();\n// Navigate back to the homepage\nhomePage.navigateBackToHomepage();",
              "err": {
                "message": "AssertionError: Timed out retrying after 4000ms: expected 'https://www.rmkec.ac.in/2023/contact-us/grievances/' to equal 'https://www.rmkec.ac.in/2023/'",
                "estack": "AssertionError: Timed out retrying after 4000ms: expected 'https://www.rmkec.ac.in/2023/contact-us/grievances/' to equal 'https://www.rmkec.ac.in/2023/'\n    at GrievanceForm.verifyRedirectionToHomePage (webpack://cy/./cypress/PageObject/grievance.js:45:15)\n    at Context.eval (webpack://cy/./cypress/e2e/pom.cy.js:64:18)",
                "diff": "- 'https://www.rmkec.ac.in/2023/contact-us/grievances/'\n+ 'https://www.rmkec.ac.in/2023/'\n"
              },
              "uuid": "84ca8984-7b9c-4202-8209-f6b2b886d62a",
              "parentUUID": "8ac5c896-8539-4724-8a14-99e4edbed047",
              "isHook": false,
              "skipped": false
            }
          ],
          "suites": [],
          "passes": [],
          "failures": [
            "84ca8984-7b9c-4202-8209-f6b2b886d62a"
          ],
          "pending": [],
          "skipped": [],
          "duration": 47383,
          "root": false,
          "rootEmpty": false,
          "_timeout": 2000
        }
      ],
      "passes": [],
      "failures": [],
      "pending": [],
      "skipped": [],
      "duration": 0,
      "root": true,
      "rootEmpty": true,
      "_timeout": 2000
    }
  ],
  "meta": {
    "mocha": {
      "version": "7.0.1"
    },
    "mochawesome": {
      "options": {
        "quiet": false,
        "reportFilename": "mochawesome",
        "saveHtml": false,
        "saveJson": true,
        "consoleReporter": "spec",
        "useInlineDiffs": false,
        "code": true
      },
      "version": "7.1.3"
    },
    "marge": {
      "options": {
        "overwrite": false,
        "html": false,
        "json": true,
        "reportDir": "cypress\\reports\\html\\.jsons"
      },
      "version": "6.2.0"
    }
  }
}